0 info it worked if it ends with ok
1 verbose cli [ '/Users/slobodan/.nvm/versions/node/v6.11.2/bin/node',
1 verbose cli   '/Users/slobodan/.nvm/versions/node/v6.11.2/bin/npm',
1 verbose cli   'run',
1 verbose cli   'create' ]
2 info using npm@3.10.10
3 info using node@v6.11.2
4 verbose run-script [ 'precreate', 'create', 'postcreate' ]
5 info lifecycle spaceman-bot@1.0.0~precreate: spaceman-bot@1.0.0
6 silly lifecycle spaceman-bot@1.0.0~precreate: no script for precreate, continuing
7 info lifecycle spaceman-bot@1.0.0~create: spaceman-bot@1.0.0
8 verbose lifecycle spaceman-bot@1.0.0~create: unsafe-perm in lifecycle true
9 verbose lifecycle spaceman-bot@1.0.0~create: PATH: /Users/slobodan/.nvm/versions/node/v6.11.2/lib/node_modules/npm/bin/node-gyp-bin:/Users/slobodan/Github/serverless-chatbots-workshop/code/exercise-01/node_modules/.bin:/Users/slobodan/.local/bin:/Library/Frameworks/Python.framework/Versions/3.6/bin:/Users/slobodan/.rvm/gems/ruby-2.4.0/bin:/Users/slobodan/.rvm/gems/ruby-2.4.0@global/bin:/Users/slobodan/.rvm/rubies/ruby-2.4.0/bin:/Users/slobodan/.nvm/versions/node/v6.11.2/bin:/usr/local/bin:/usr/bin:/bin:/usr/sbin:/sbin:/Users/slobodan/Library/Android/sdk/platform-tools:/Users/slobodan/.rvm/bin:/Users/slobodan/.rvm/bin
10 verbose lifecycle spaceman-bot@1.0.0~create: CWD: /Users/slobodan/Github/serverless-chatbots-workshop/code/exercise-01
11 silly lifecycle spaceman-bot@1.0.0~create: Args: [ '-c',
11 silly lifecycle   'claudia create --region eu-central-1 --api-module bot --cache-api-config apiConfigHash' ]
12 silly lifecycle spaceman-bot@1.0.0~create: Returned: code: 1  signal: null
13 info lifecycle spaceman-bot@1.0.0~create: Failed to exec create script
14 verbose stack Error: spaceman-bot@1.0.0 create: `claudia create --region eu-central-1 --api-module bot --cache-api-config apiConfigHash`
14 verbose stack Exit status 1
14 verbose stack     at EventEmitter.<anonymous> (/Users/slobodan/.nvm/versions/node/v6.11.2/lib/node_modules/npm/lib/utils/lifecycle.js:255:16)
14 verbose stack     at emitTwo (events.js:106:13)
14 verbose stack     at EventEmitter.emit (events.js:191:7)
14 verbose stack     at ChildProcess.<anonymous> (/Users/slobodan/.nvm/versions/node/v6.11.2/lib/node_modules/npm/lib/utils/spawn.js:40:14)
14 verbose stack     at emitTwo (events.js:106:13)
14 verbose stack     at ChildProcess.emit (events.js:191:7)
14 verbose stack     at maybeClose (internal/child_process.js:891:16)
14 verbose stack     at Process.ChildProcess._handle.onexit (internal/child_process.js:226:5)
15 verbose pkgid spaceman-bot@1.0.0
16 verbose cwd /Users/slobodan/Github/serverless-chatbots-workshop/code/exercise-01
17 error Darwin 17.3.0
18 error argv "/Users/slobodan/.nvm/versions/node/v6.11.2/bin/node" "/Users/slobodan/.nvm/versions/node/v6.11.2/bin/npm" "run" "create"
19 error node v6.11.2
20 error npm  v3.10.10
21 error code ELIFECYCLE
22 error spaceman-bot@1.0.0 create: `claudia create --region eu-central-1 --api-module bot --cache-api-config apiConfigHash`
22 error Exit status 1
23 error Failed at the spaceman-bot@1.0.0 create script 'claudia create --region eu-central-1 --api-module bot --cache-api-config apiConfigHash'.
23 error Make sure you have the latest version of node.js and npm installed.
23 error If you do, this is most likely a problem with the spaceman-bot package,
23 error not with npm itself.
23 error Tell the author that this fails on your system:
23 error     claudia create --region eu-central-1 --api-module bot --cache-api-config apiConfigHash
23 error You can get information on how to open an issue for this project with:
23 error     npm bugs spaceman-bot
23 error Or if that isn't available, you can get their info via:
23 error     npm owner ls spaceman-bot
23 error There is likely additional logging output above.
24 verbose exit [ 1, true ]
